<?xml version="1.0" encoding="UTF-8"?>
<!-- Generated by org.testng.reporters.JUnitReportReporter -->
<testsuite hostname="AARYA" failures="0" tests="2" name="test.DemoExecution" time="14.362" errors="0" timestamp="2022-09-03T12:48:08 IST" skipped="0">
  <testcase classname="test.DemoExecution" name="TestImdb" time="9.912"/>
  <system-out/>
  <testcase classname="test.DemoExecution" name="TestWiki" time="4.450"/>
  <system-out/>
</testsuite> <!-- test.DemoExecution -->
