<?xml version="1.0" encoding="UTF-8"?>
<!-- Generated by org.testng.reporters.JUnitReportReporter -->
<testsuite hostname="AARYA" failures="0" tests="1" name="test.ForgotIdPassPage" time="13.507" errors="0" timestamp="2022-08-27T08:09:37 IST" skipped="0">
  <testcase classname="test.ForgotIdPassPage" name="forgotIdPassTest" time="13.507"/>
  <system-out/>
</testsuite> <!-- test.ForgotIdPassPage -->
